<?xml version="1.0" encoding="UTF-8"?>
<!-- Generated by org.testng.reporters.JUnitXMLReporter -->
<testsuite ignored="0" hostname="WDFV41002642D" failures="0" tests="15" name="Item Category - LOS_UOS" time="222.637" errors="0" timestamp="2020-10-23T15:36:03 CEST">
  <testcase classname="org.project.Test_Cases" name="openDataCollationPage_Testing" time="47.578"/>
  <testcase classname="org.project.Test_Cases" name="add_NewItemRow_Testing" time="21.519"/>
  <testcase classname="org.project.Test_Cases" name="fill_in_NewItemFields_Testing" time="2.132"/>
  <testcase classname="org.project.Test_Cases" name="fill_in_ItemCategory_Testing" time="14.493"/>
  <testcase classname="org.project.Test_Cases" name="fill_in_RightPartOfTable_Testing" time="9.437"/>
  <testcase classname="org.project.Test_Cases" name="filling_SecondRowforAddItemTable_Testing" time="24.603"/>
  <testcase classname="org.project.Test_Cases" name="finalize_ProcessingOfVehicleRelatedDocument_Testing" time="9.789"/>
  <testcase classname="org.project.Test_Cases" name="postprocessing_SearchPostedVehicleRelatedDoc_Testing" time="37.013"/>
  <testcase classname="org.project.Test_Cases" name="postprocessing_Read_StockTransportOrderNumber_Testing" time="7.297"/>
  <testcase classname="org.project.Test_Cases" name="displayFirstMaterialDocumentPage_Testing" time="5.223"/>
  <testcase classname="org.project.Test_Cases" name="retrieve_AddItemDataForMaterialDocument1_Testing" time="5.375"/>
  <testcase classname="org.project.Test_Cases" name="close_currentAddItemDataForMaterialDocumentTab_Testing" time="2.146"/>
  <testcase classname="org.project.Test_Cases" name="displaySecondMaterialDocumentPage_Testing" time="5.786"/>
  <testcase classname="org.project.Test_Cases" name="retrieve_AddItemDataForMaterialDocument2_Testing" time="5.167"/>
  <testcase classname="org.project.Test_Cases" name="comparing_AddItemDetails_Testing" time="4.005"/>
</testsuite> <!-- Item Category - LOS_UOS -->
