<?xml version="1.0" encoding="UTF-8"?>
<testng-results ignored="0" total="15" passed="15" failed="0" skipped="0">
  <reporter-output>
  </reporter-output>
  <suite started-at="2020-10-23T15:32:20 CEST" name="TestNG_Suite1" finished-at="2020-10-23T15:36:03 CEST" duration-ms="222637">
    <groups>
    </groups>
    <test started-at="2020-10-23T15:32:20 CEST" name="Item Category - LOS_UOS" finished-at="2020-10-23T15:36:03 CEST" duration-ms="222637">
      <class name="org.project.Test_Cases">
        <test-method is-config="true" signature="preTestSettinngs()[pri:0, instance:org.project.Test_Cases@4e50c791]" started-at="2020-10-23T15:32:20 CEST" name="preTestSettinngs" finished-at="2020-10-23T15:32:20 CEST" duration-ms="23" status="PASS">
          <reporter-output>
          </reporter-output>
        </test-method> <!-- preTestSettinngs -->
        <test-method is-config="true" signature="preTestConfigurations()[pri:0, instance:org.project.Test_Cases@4e50c791]" started-at="2020-10-23T15:32:20 CEST" name="preTestConfigurations" finished-at="2020-10-23T15:32:20 CEST" duration-ms="14" status="PASS">
          <reporter-output>
          </reporter-output>
        </test-method> <!-- preTestConfigurations -->
        <test-method is-config="true" signature="setUp(java.lang.String, java.lang.String)[pri:0, instance:org.project.Test_Cases@4e50c791]" started-at="2020-10-23T15:32:20 CEST" name="setUp" finished-at="2020-10-23T15:32:33 CEST" duration-ms="12740" status="PASS">
          <params>
            <param index="0">
              <value>
                <![CDATA[chrome]]>
              </value>
            </param>
            <param index="1">
              <value>
                <![CDATA[DC_CSN_Profile]]>
              </value>
            </param>
          </params>
          <reporter-output>
          </reporter-output>
        </test-method> <!-- setUp -->
        <test-method signature="openDataCollationPage_Testing(java.lang.String)[pri:0, instance:org.project.Test_Cases@4e50c791]" started-at="2020-10-23T15:32:33 CEST" name="openDataCollationPage_Testing" finished-at="2020-10-23T15:33:20 CEST" duration-ms="47578" status="PASS">
          <params>
            <param index="0">
              <value>
                <![CDATA[OFQ_100]]>
              </value>
            </param>
          </params>
          <reporter-output>
          </reporter-output>
        </test-method> <!-- openDataCollationPage_Testing -->
        <test-method signature="add_NewItemRow_Testing(java.lang.String)[pri:0, instance:org.project.Test_Cases@4e50c791]" started-at="2020-10-23T15:33:20 CEST" name="add_NewItemRow_Testing" finished-at="2020-10-23T15:33:42 CEST" depends-on-methods="org.project.Test_Cases.openDataCollationPage_Testing" duration-ms="21519" status="PASS">
          <params>
            <param index="0">
              <value>
                <![CDATA[OGSD_G10]]>
              </value>
            </param>
          </params>
          <reporter-output>
          </reporter-output>
        </test-method> <!-- add_NewItemRow_Testing -->
        <test-method signature="fill_in_NewItemFields_Testing()[pri:0, instance:org.project.Test_Cases@4e50c791]" started-at="2020-10-23T15:33:42 CEST" name="fill_in_NewItemFields_Testing" finished-at="2020-10-23T15:33:44 CEST" depends-on-methods="org.project.Test_Cases.add_NewItemRow_Testing" duration-ms="2132" status="PASS">
          <reporter-output>
          </reporter-output>
        </test-method> <!-- fill_in_NewItemFields_Testing -->
        <test-method signature="fill_in_ItemCategory_Testing(java.lang.String)[pri:0, instance:org.project.Test_Cases@4e50c791]" started-at="2020-10-23T15:33:44 CEST" name="fill_in_ItemCategory_Testing" finished-at="2020-10-23T15:33:59 CEST" depends-on-methods="org.project.Test_Cases.fill_in_NewItemFields_Testing" duration-ms="14493" status="PASS">
          <params>
            <param index="0">
              <value>
                <![CDATA[LOS]]>
              </value>
            </param>
          </params>
          <reporter-output>
          </reporter-output>
        </test-method> <!-- fill_in_ItemCategory_Testing -->
        <test-method signature="fill_in_RightPartOfTable_Testing(java.lang.String, java.lang.String, java.lang.String, java.lang.String, java.lang.String, java.lang.String, java.lang.String, java.lang.String)[pri:0, instance:org.project.Test_Cases@4e50c791]" started-at="2020-10-23T15:33:59 CEST" name="fill_in_RightPartOfTable_Testing" finished-at="2020-10-23T15:34:08 CEST" depends-on-methods="org.project.Test_Cases.fill_in_ItemCategory_Testing" duration-ms="9437" status="PASS">
          <params>
            <param index="0">
              <value>
                <![CDATA[OGSD_100]]>
              </value>
            </param>
            <param index="1">
              <value>
                <![CDATA[100,000]]>
              </value>
            </param>
            <param index="2">
              <value>
                <![CDATA[GP01]]>
              </value>
            </param>
            <param index="3">
              <value>
                <![CDATA[G1L1]]>
              </value>
            </param>
            <param index="4">
              <value>
                <![CDATA[TAX]]>
              </value>
            </param>
            <param index="5">
              <value>
                <![CDATA[01]]>
              </value>
            </param>
            <param index="6">
              <value>
                <![CDATA[Gasoil]]>
              </value>
            </param>
            <param index="7">
              <value>
                <![CDATA[L15]]>
              </value>
            </param>
          </params>
          <reporter-output>
          </reporter-output>
        </test-method> <!-- fill_in_RightPartOfTable_Testing -->
        <test-method signature="filling_SecondRowforAddItemTable_Testing(java.lang.String, java.lang.String, java.lang.String, java.lang.String, java.lang.String, java.lang.String, java.lang.String, java.lang.String, java.lang.String)[pri:0, instance:org.project.Test_Cases@4e50c791]" started-at="2020-10-23T15:34:08 CEST" name="filling_SecondRowforAddItemTable_Testing" finished-at="2020-10-23T15:34:33 CEST" depends-on-methods="org.project.Test_Cases.fill_in_RightPartOfTable_Testing" duration-ms="24603" status="PASS">
          <params>
            <param index="0">
              <value>
                <![CDATA[UOS]]>
              </value>
            </param>
            <param index="1">
              <value>
                <![CDATA[OGSD_100]]>
              </value>
            </param>
            <param index="2">
              <value>
                <![CDATA[100,000]]>
              </value>
            </param>
            <param index="3">
              <value>
                <![CDATA[GP01]]>
              </value>
            </param>
            <param index="4">
              <value>
                <![CDATA[G1L1]]>
              </value>
            </param>
            <param index="5">
              <value>
                <![CDATA[TAX]]>
              </value>
            </param>
            <param index="6">
              <value>
                <![CDATA[01]]>
              </value>
            </param>
            <param index="7">
              <value>
                <![CDATA[Gasoil]]>
              </value>
            </param>
            <param index="8">
              <value>
                <![CDATA[L15]]>
              </value>
            </param>
          </params>
          <reporter-output>
          </reporter-output>
        </test-method> <!-- filling_SecondRowforAddItemTable_Testing -->
        <test-method signature="finalize_ProcessingOfVehicleRelatedDocument_Testing()[pri:0, instance:org.project.Test_Cases@4e50c791]" started-at="2020-10-23T15:34:33 CEST" name="finalize_ProcessingOfVehicleRelatedDocument_Testing" finished-at="2020-10-23T15:34:42 CEST" depends-on-methods="org.project.Test_Cases.filling_SecondRowforAddItemTable_Testing" duration-ms="9789" status="PASS">
          <reporter-output>
          </reporter-output>
        </test-method> <!-- finalize_ProcessingOfVehicleRelatedDocument_Testing -->
        <test-method signature="postprocessing_SearchPostedVehicleRelatedDoc_Testing()[pri:0, instance:org.project.Test_Cases@4e50c791]" started-at="2020-10-23T15:34:42 CEST" name="postprocessing_SearchPostedVehicleRelatedDoc_Testing" finished-at="2020-10-23T15:35:19 CEST" depends-on-methods="org.project.Test_Cases.finalize_ProcessingOfVehicleRelatedDocument_Testing" duration-ms="37013" status="PASS">
          <reporter-output>
          </reporter-output>
        </test-method> <!-- postprocessing_SearchPostedVehicleRelatedDoc_Testing -->
        <test-method signature="postprocessing_Read_StockTransportOrderNumber_Testing()[pri:0, instance:org.project.Test_Cases@4e50c791]" started-at="2020-10-23T15:35:19 CEST" name="postprocessing_Read_StockTransportOrderNumber_Testing" finished-at="2020-10-23T15:35:27 CEST" depends-on-methods="org.project.Test_Cases.postprocessing_SearchPostedVehicleRelatedDoc_Testing" duration-ms="7297" status="PASS">
          <reporter-output>
          </reporter-output>
        </test-method> <!-- postprocessing_Read_StockTransportOrderNumber_Testing -->
        <test-method signature="displayFirstMaterialDocumentPage_Testing(java.lang.String)[pri:0, instance:org.project.Test_Cases@4e50c791]" started-at="2020-10-23T15:35:27 CEST" name="displayFirstMaterialDocumentPage_Testing" finished-at="2020-10-23T15:35:32 CEST" depends-on-methods="org.project.Test_Cases.postprocessing_Read_StockTransportOrderNumber_Testing" duration-ms="5223" status="PASS">
          <params>
            <param index="0">
              <value>
                <![CDATA[OFQ_100]]>
              </value>
            </param>
          </params>
          <reporter-output>
          </reporter-output>
        </test-method> <!-- displayFirstMaterialDocumentPage_Testing -->
        <test-method signature="retrieve_AddItemDataForMaterialDocument1_Testing()[pri:0, instance:org.project.Test_Cases@4e50c791]" started-at="2020-10-23T15:35:32 CEST" name="retrieve_AddItemDataForMaterialDocument1_Testing" finished-at="2020-10-23T15:35:37 CEST" depends-on-methods="org.project.Test_Cases.displayFirstMaterialDocumentPage_Testing" duration-ms="5375" status="PASS">
          <reporter-output>
          </reporter-output>
        </test-method> <!-- retrieve_AddItemDataForMaterialDocument1_Testing -->
        <test-method signature="close_currentAddItemDataForMaterialDocumentTab_Testing()[pri:0, instance:org.project.Test_Cases@4e50c791]" started-at="2020-10-23T15:35:37 CEST" name="close_currentAddItemDataForMaterialDocumentTab_Testing" finished-at="2020-10-23T15:35:39 CEST" depends-on-methods="org.project.Test_Cases.retrieve_AddItemDataForMaterialDocument1_Testing" duration-ms="2146" status="PASS">
          <reporter-output>
          </reporter-output>
        </test-method> <!-- close_currentAddItemDataForMaterialDocumentTab_Testing -->
        <test-method signature="displaySecondMaterialDocumentPage_Testing(java.lang.String)[pri:0, instance:org.project.Test_Cases@4e50c791]" started-at="2020-10-23T15:35:39 CEST" name="displaySecondMaterialDocumentPage_Testing" finished-at="2020-10-23T15:35:45 CEST" depends-on-methods="org.project.Test_Cases.close_currentAddItemDataForMaterialDocumentTab_Testing" duration-ms="5786" status="PASS">
          <params>
            <param index="0">
              <value>
                <![CDATA[OFQ_100]]>
              </value>
            </param>
          </params>
          <reporter-output>
          </reporter-output>
        </test-method> <!-- displaySecondMaterialDocumentPage_Testing -->
        <test-method signature="retrieve_AddItemDataForMaterialDocument2_Testing()[pri:0, instance:org.project.Test_Cases@4e50c791]" started-at="2020-10-23T15:35:45 CEST" name="retrieve_AddItemDataForMaterialDocument2_Testing" finished-at="2020-10-23T15:35:50 CEST" depends-on-methods="org.project.Test_Cases.displaySecondMaterialDocumentPage_Testing" duration-ms="5167" status="PASS">
          <reporter-output>
          </reporter-output>
        </test-method> <!-- retrieve_AddItemDataForMaterialDocument2_Testing -->
        <test-method signature="comparing_AddItemDetails_Testing(java.lang.String, java.lang.String, java.lang.String, java.lang.String, java.lang.String, java.lang.String, java.lang.String)[pri:0, instance:org.project.Test_Cases@4e50c791]" started-at="2020-10-23T15:35:50 CEST" name="comparing_AddItemDetails_Testing" finished-at="2020-10-23T15:35:54 CEST" depends-on-methods="org.project.Test_Cases.retrieve_AddItemDataForMaterialDocument2_Testing" duration-ms="4005" status="PASS">
          <params>
            <param index="0">
              <value>
                <![CDATA[OGSD_100]]>
              </value>
            </param>
            <param index="1">
              <value>
                <![CDATA[100,000]]>
              </value>
            </param>
            <param index="2">
              <value>
                <![CDATA[GP01]]>
              </value>
            </param>
            <param index="3">
              <value>
                <![CDATA[G1L1]]>
              </value>
            </param>
            <param index="4">
              <value>
                <![CDATA[TAX]]>
              </value>
            </param>
            <param index="5">
              <value>
                <![CDATA[01]]>
              </value>
            </param>
            <param index="6">
              <value>
                <![CDATA[L15]]>
              </value>
            </param>
          </params>
          <reporter-output>
          </reporter-output>
        </test-method> <!-- comparing_AddItemDetails_Testing -->
        <test-method is-config="true" signature="cleanUp()[pri:0, instance:org.project.Test_Cases@4e50c791]" started-at="2020-10-23T15:35:54 CEST" name="cleanUp" finished-at="2020-10-23T15:36:02 CEST" duration-ms="7776" status="PASS">
          <reporter-output>
          </reporter-output>
        </test-method> <!-- cleanUp -->
        <test-method is-config="true" signature="insertLinksIntoLogFile()[pri:0, instance:org.project.Test_Cases@4e50c791]" started-at="2020-10-23T15:36:02 CEST" name="insertLinksIntoLogFile" finished-at="2020-10-23T15:36:03 CEST" duration-ms="469" status="PASS">
          <reporter-output>
          </reporter-output>
        </test-method> <!-- insertLinksIntoLogFile -->
      </class> <!-- org.project.Test_Cases -->
    </test> <!-- Item Category - LOS_UOS -->
  </suite> <!-- TestNG_Suite1 -->
</testng-results>
