<?xml version="1.0" encoding="UTF-8"?>
<testng-results ignored="0" total="18" passed="18" failed="0" skipped="0">
  <reporter-output>
  </reporter-output>
  <suite started-at="2023-01-31T16:38:29 CET" name="TestNG_Suite1" finished-at="2023-01-31T16:42:31 CET" duration-ms="241473">
    <groups>
    </groups>
    <test started-at="2023-01-31T16:38:29 CET" name="Item Category - XLO_XUO" finished-at="2023-01-31T16:42:31 CET" duration-ms="241473">
      <class name="org.project.Test_Cases">
        <test-method is-config="true" signature="preTestSettinngs()[pri:0, instance:org.project.Test_Cases@ed7f8b4]" started-at="2023-01-31T16:38:29 CET" name="preTestSettinngs" finished-at="2023-01-31T16:38:29 CET" duration-ms="16" status="PASS">
          <reporter-output>
          </reporter-output>
        </test-method> <!-- preTestSettinngs -->
        <test-method is-config="true" signature="preTestConfigurations()[pri:0, instance:org.project.Test_Cases@ed7f8b4]" started-at="2023-01-31T16:38:29 CET" name="preTestConfigurations" finished-at="2023-01-31T16:38:29 CET" duration-ms="7" status="PASS">
          <reporter-output>
          </reporter-output>
        </test-method> <!-- preTestConfigurations -->
        <test-method is-config="true" signature="setUp(java.lang.String, java.lang.String)[pri:0, instance:org.project.Test_Cases@ed7f8b4]" started-at="2023-01-31T16:38:29 CET" name="setUp" finished-at="2023-01-31T16:38:31 CET" duration-ms="1837" status="PASS">
          <params>
            <param index="0">
              <value>
                <![CDATA[chrome]]>
              </value>
            </param>
            <param index="1">
              <value>
                <![CDATA[DC_CSN_Profile]]>
              </value>
            </param>
          </params>
          <reporter-output>
          </reporter-output>
        </test-method> <!-- setUp -->
        <test-method signature="openDataCollationPage_Testing(java.lang.String, java.lang.String)[pri:0, instance:org.project.Test_Cases@ed7f8b4]" started-at="2023-01-31T16:38:31 CET" name="openDataCollationPage_Testing" finished-at="2023-01-31T16:39:09 CET" duration-ms="37526" status="PASS">
          <params>
            <param index="0">
              <value>
                <![CDATA[OFQ_100]]>
              </value>
            </param>
            <param index="1">
              <value>
                <![CDATA[LOS]]>
              </value>
            </param>
          </params>
          <reporter-output>
          </reporter-output>
        </test-method> <!-- openDataCollationPage_Testing -->
        <test-method signature="add_NewItemRow_Testing(java.lang.String)[pri:0, instance:org.project.Test_Cases@ed7f8b4]" started-at="2023-01-31T16:39:09 CET" name="add_NewItemRow_Testing" finished-at="2023-01-31T16:39:29 CET" depends-on-methods="org.project.Test_Cases.openDataCollationPage_Testing" duration-ms="20291" status="PASS">
          <params>
            <param index="0">
              <value>
                <![CDATA[OGSD_G10]]>
              </value>
            </param>
          </params>
          <reporter-output>
          </reporter-output>
        </test-method> <!-- add_NewItemRow_Testing -->
        <test-method signature="fill_in_NewItemFields_Testing()[pri:0, instance:org.project.Test_Cases@ed7f8b4]" started-at="2023-01-31T16:39:29 CET" name="fill_in_NewItemFields_Testing" finished-at="2023-01-31T16:39:31 CET" depends-on-methods="org.project.Test_Cases.add_NewItemRow_Testing" duration-ms="2115" status="PASS">
          <reporter-output>
          </reporter-output>
        </test-method> <!-- fill_in_NewItemFields_Testing -->
        <test-method signature="fill_in_ItemCategory_Testing()[pri:0, instance:org.project.Test_Cases@ed7f8b4]" started-at="2023-01-31T16:39:31 CET" name="fill_in_ItemCategory_Testing" finished-at="2023-01-31T16:39:45 CET" depends-on-methods="org.project.Test_Cases.fill_in_NewItemFields_Testing" duration-ms="13602" status="PASS">
          <reporter-output>
          </reporter-output>
        </test-method> <!-- fill_in_ItemCategory_Testing -->
        <test-method signature="fill_in_RightPartOfTable_Testing(java.lang.String, java.lang.String, java.lang.String, java.lang.String, java.lang.String, java.lang.String, java.lang.String, java.lang.String)[pri:0, instance:org.project.Test_Cases@ed7f8b4]" started-at="2023-01-31T16:39:45 CET" name="fill_in_RightPartOfTable_Testing" finished-at="2023-01-31T16:39:51 CET" depends-on-methods="org.project.Test_Cases.fill_in_ItemCategory_Testing" duration-ms="6676" status="PASS">
          <params>
            <param index="0">
              <value>
                <![CDATA[OGSD_100]]>
              </value>
            </param>
            <param index="1">
              <value>
                <![CDATA[100,000]]>
              </value>
            </param>
            <param index="2">
              <value>
                <![CDATA[GP01]]>
              </value>
            </param>
            <param index="3">
              <value>
                <![CDATA[G1L1]]>
              </value>
            </param>
            <param index="4">
              <value>
                <![CDATA[TAX]]>
              </value>
            </param>
            <param index="5">
              <value>
                <![CDATA[01]]>
              </value>
            </param>
            <param index="6">
              <value>
                <![CDATA[Gasoil]]>
              </value>
            </param>
            <param index="7">
              <value>
                <![CDATA[L15]]>
              </value>
            </param>
          </params>
          <reporter-output>
          </reporter-output>
        </test-method> <!-- fill_in_RightPartOfTable_Testing -->
        <test-method signature="filling_SecondRowforAddItemTable_Testing(java.lang.String, java.lang.String, java.lang.String, java.lang.String, java.lang.String, java.lang.String, java.lang.String, java.lang.String, java.lang.String)[pri:0, instance:org.project.Test_Cases@ed7f8b4]" started-at="2023-01-31T16:39:51 CET" name="filling_SecondRowforAddItemTable_Testing" finished-at="2023-01-31T16:40:13 CET" depends-on-methods="org.project.Test_Cases.fill_in_RightPartOfTable_Testing" duration-ms="21712" status="PASS">
          <params>
            <param index="0">
              <value>
                <![CDATA[UOS]]>
              </value>
            </param>
            <param index="1">
              <value>
                <![CDATA[OGSD_100]]>
              </value>
            </param>
            <param index="2">
              <value>
                <![CDATA[100,000]]>
              </value>
            </param>
            <param index="3">
              <value>
                <![CDATA[GP01]]>
              </value>
            </param>
            <param index="4">
              <value>
                <![CDATA[G1L1]]>
              </value>
            </param>
            <param index="5">
              <value>
                <![CDATA[TAX]]>
              </value>
            </param>
            <param index="6">
              <value>
                <![CDATA[01]]>
              </value>
            </param>
            <param index="7">
              <value>
                <![CDATA[Gasoil]]>
              </value>
            </param>
            <param index="8">
              <value>
                <![CDATA[L15]]>
              </value>
            </param>
          </params>
          <reporter-output>
          </reporter-output>
        </test-method> <!-- filling_SecondRowforAddItemTable_Testing -->
        <test-method signature="finalize_ProcessingOfVehicleRelatedDocument_Testing()[pri:0, instance:org.project.Test_Cases@ed7f8b4]" started-at="2023-01-31T16:40:13 CET" name="finalize_ProcessingOfVehicleRelatedDocument_Testing" finished-at="2023-01-31T16:40:22 CET" depends-on-methods="org.project.Test_Cases.filling_SecondRowforAddItemTable_Testing" duration-ms="8716" status="PASS">
          <reporter-output>
          </reporter-output>
        </test-method> <!-- finalize_ProcessingOfVehicleRelatedDocument_Testing -->
        <test-method signature="postprocessing_SearchPostedVehicleRelatedDoc_Testing()[pri:0, instance:org.project.Test_Cases@ed7f8b4]" started-at="2023-01-31T16:40:22 CET" name="postprocessing_SearchPostedVehicleRelatedDoc_Testing" finished-at="2023-01-31T16:41:03 CET" depends-on-methods="org.project.Test_Cases.finalize_ProcessingOfVehicleRelatedDocument_Testing" duration-ms="41276" status="PASS">
          <reporter-output>
          </reporter-output>
        </test-method> <!-- postprocessing_SearchPostedVehicleRelatedDoc_Testing -->
        <test-method signature="postprocessing_ReverseOrder_Testing(java.lang.String)[pri:0, instance:org.project.Test_Cases@ed7f8b4]" started-at="2023-01-31T16:41:03 CET" name="postprocessing_ReverseOrder_Testing" finished-at="2023-01-31T16:41:10 CET" depends-on-methods="org.project.Test_Cases.postprocessing_SearchPostedVehicleRelatedDoc_Testing" duration-ms="6980" status="PASS">
          <params>
            <param index="0">
              <value>
                <![CDATA[XLO-XUO]]>
              </value>
            </param>
          </params>
          <reporter-output>
          </reporter-output>
        </test-method> <!-- postprocessing_ReverseOrder_Testing -->
        <test-method signature="postprocessing_SearchingCancelledOrder_Testing()[pri:0, instance:org.project.Test_Cases@ed7f8b4]" started-at="2023-01-31T16:41:10 CET" name="postprocessing_SearchingCancelledOrder_Testing" finished-at="2023-01-31T16:41:34 CET" depends-on-methods="org.project.Test_Cases.postprocessing_ReverseOrder_Testing" duration-ms="24389" status="PASS">
          <reporter-output>
          </reporter-output>
        </test-method> <!-- postprocessing_SearchingCancelledOrder_Testing -->
        <test-method signature="postprocessing_ProcessReversedOrder_Testing()[pri:0, instance:org.project.Test_Cases@ed7f8b4]" started-at="2023-01-31T16:41:34 CET" name="postprocessing_ProcessReversedOrder_Testing" finished-at="2023-01-31T16:41:56 CET" depends-on-methods="org.project.Test_Cases.postprocessing_SearchingCancelledOrder_Testing" duration-ms="21624" status="PASS">
          <reporter-output>
          </reporter-output>
        </test-method> <!-- postprocessing_ProcessReversedOrder_Testing -->
        <test-method signature="postprocessing_Read_StockTransportOrderNumber_Testing()[pri:0, instance:org.project.Test_Cases@ed7f8b4]" started-at="2023-01-31T16:41:56 CET" name="postprocessing_Read_StockTransportOrderNumber_Testing" finished-at="2023-01-31T16:42:06 CET" depends-on-methods="org.project.Test_Cases.postprocessing_ProcessReversedOrder_Testing" duration-ms="9739" status="PASS">
          <reporter-output>
          </reporter-output>
        </test-method> <!-- postprocessing_Read_StockTransportOrderNumber_Testing -->
        <test-method signature="displayFirstMaterialDocumentPage_Testing(java.lang.String)[pri:0, instance:org.project.Test_Cases@ed7f8b4]" started-at="2023-01-31T16:42:06 CET" name="displayFirstMaterialDocumentPage_Testing" finished-at="2023-01-31T16:42:10 CET" depends-on-methods="org.project.Test_Cases.postprocessing_Read_StockTransportOrderNumber_Testing" duration-ms="4228" status="PASS">
          <params>
            <param index="0">
              <value>
                <![CDATA[OFQ_100]]>
              </value>
            </param>
          </params>
          <reporter-output>
          </reporter-output>
        </test-method> <!-- displayFirstMaterialDocumentPage_Testing -->
        <test-method signature="retrieve_AddItemDataForMaterialDocument1_Testing()[pri:0, instance:org.project.Test_Cases@ed7f8b4]" started-at="2023-01-31T16:42:10 CET" name="retrieve_AddItemDataForMaterialDocument1_Testing" finished-at="2023-01-31T16:42:15 CET" depends-on-methods="org.project.Test_Cases.displayFirstMaterialDocumentPage_Testing" duration-ms="5214" status="PASS">
          <reporter-output>
          </reporter-output>
        </test-method> <!-- retrieve_AddItemDataForMaterialDocument1_Testing -->
        <test-method signature="close_currentAddItemDataForMaterialDocumentTab_Testing()[pri:0, instance:org.project.Test_Cases@ed7f8b4]" started-at="2023-01-31T16:42:15 CET" name="close_currentAddItemDataForMaterialDocumentTab_Testing" finished-at="2023-01-31T16:42:17 CET" depends-on-methods="org.project.Test_Cases.retrieve_AddItemDataForMaterialDocument1_Testing" duration-ms="2146" status="PASS">
          <reporter-output>
          </reporter-output>
        </test-method> <!-- close_currentAddItemDataForMaterialDocumentTab_Testing -->
        <test-method signature="displaySecondMaterialDocumentPage_Testing(java.lang.String)[pri:0, instance:org.project.Test_Cases@ed7f8b4]" started-at="2023-01-31T16:42:17 CET" name="displaySecondMaterialDocumentPage_Testing" finished-at="2023-01-31T16:42:21 CET" depends-on-methods="org.project.Test_Cases.close_currentAddItemDataForMaterialDocumentTab_Testing" duration-ms="3827" status="PASS">
          <params>
            <param index="0">
              <value>
                <![CDATA[OFQ_100]]>
              </value>
            </param>
          </params>
          <reporter-output>
          </reporter-output>
        </test-method> <!-- displaySecondMaterialDocumentPage_Testing -->
        <test-method signature="retrieve_AddItemDataForMaterialDocument2_Testing()[pri:0, instance:org.project.Test_Cases@ed7f8b4]" started-at="2023-01-31T16:42:21 CET" name="retrieve_AddItemDataForMaterialDocument2_Testing" finished-at="2023-01-31T16:42:26 CET" depends-on-methods="org.project.Test_Cases.displaySecondMaterialDocumentPage_Testing" duration-ms="5216" status="PASS">
          <reporter-output>
          </reporter-output>
        </test-method> <!-- retrieve_AddItemDataForMaterialDocument2_Testing -->
        <test-method signature="comparing_AddItemDetails_Testing(java.lang.String, java.lang.String, java.lang.String, java.lang.String, java.lang.String, java.lang.String, java.lang.String)[pri:0, instance:org.project.Test_Cases@ed7f8b4]" started-at="2023-01-31T16:42:26 CET" name="comparing_AddItemDetails_Testing" finished-at="2023-01-31T16:42:31 CET" depends-on-methods="org.project.Test_Cases.retrieve_AddItemDataForMaterialDocument2_Testing" duration-ms="4025" status="PASS">
          <params>
            <param index="0">
              <value>
                <![CDATA[OGSD_100]]>
              </value>
            </param>
            <param index="1">
              <value>
                <![CDATA[100,000]]>
              </value>
            </param>
            <param index="2">
              <value>
                <![CDATA[GP01]]>
              </value>
            </param>
            <param index="3">
              <value>
                <![CDATA[G1L1]]>
              </value>
            </param>
            <param index="4">
              <value>
                <![CDATA[TAX]]>
              </value>
            </param>
            <param index="5">
              <value>
                <![CDATA[01]]>
              </value>
            </param>
            <param index="6">
              <value>
                <![CDATA[L15]]>
              </value>
            </param>
          </params>
          <reporter-output>
          </reporter-output>
        </test-method> <!-- comparing_AddItemDetails_Testing -->
        <test-method is-config="true" signature="cleanUp()[pri:0, instance:org.project.Test_Cases@ed7f8b4]" started-at="2023-01-31T16:42:31 CET" name="cleanUp" finished-at="2023-01-31T16:42:31 CET" duration-ms="47" status="PASS">
          <reporter-output>
          </reporter-output>
        </test-method> <!-- cleanUp -->
        <test-method is-config="true" signature="insertLinksIntoLogFile(java.lang.String)[pri:0, instance:org.project.Test_Cases@ed7f8b4]" started-at="2023-01-31T16:42:31 CET" name="insertLinksIntoLogFile" finished-at="2023-01-31T16:42:31 CET" duration-ms="250" status="PASS">
          <params>
            <param index="0">
              <value>
                <![CDATA[ofq]]>
              </value>
            </param>
          </params>
          <reporter-output>
          </reporter-output>
        </test-method> <!-- insertLinksIntoLogFile -->
        <test-method is-config="true" signature="tearDown()[pri:0, instance:org.project.Test_Cases@ed7f8b4]" started-at="2023-01-31T16:42:31 CET" name="tearDown" finished-at="2023-01-31T16:42:31 CET" duration-ms="404" status="PASS">
          <reporter-output>
          </reporter-output>
        </test-method> <!-- tearDown -->
      </class> <!-- org.project.Test_Cases -->
    </test> <!-- Item Category - XLO_XUO -->
  </suite> <!-- TestNG_Suite1 -->
</testng-results>
